SEVA-back-end/android/app/build/intermediates/manifest_merge_blame_file/debug/manifest-merger-blame-debug-report.txt
1<?xml version="1.0" encoding="utf-8"?>
2<manifest xmlns:android="http://schemas.android.com/apk/res/android"
3    package="com.seva"
4    android:versionCode="1"
5    android:versionName="1.0" >
6
7    <uses-sdk
8        android:minSdkVersion="16"
9        android:targetSdkVersion="29" />
10
11    <uses-permission android:name="android.permission.SYSTEM_ALERT_WINDOW" />
11-->src\debug\AndroidManifest.xml:5:5-77
11-->src\debug\AndroidManifest.xml:5:22-75
12    <uses-permission android:name="android.permission.CAMERA" />
12-->src\main\AndroidManifest.xml:5:5-65
12-->src\main\AndroidManifest.xml:5:22-62
13    <uses-permission android:name="android.permission.WRITE_EXTERNAL_STORAGE" />
13-->src\main\AndroidManifest.xml:6:5-80
13-->src\main\AndroidManifest.xml:6:22-78
14    <uses-permission android:name="android.permission.READ_EXTERNAL_STORAGE" />
14-->src\main\AndroidManifest.xml:7:5-79
14-->src\main\AndroidManifest.xml:7:22-77
15    <uses-permission android:name="android.permission.ACCESS_COARSE_LOCATION" />
15-->src\main\AndroidManifest.xml:8:5-81
15-->src\main\AndroidManifest.xml:8:22-78
16    <uses-permission android:name="android.permission.ACCESS_FINE_LOCATION" />
16-->src\main\AndroidManifest.xml:9:5-79
16-->src\main\AndroidManifest.xml:9:22-76
17    <uses-permission android:name="android.permission.ACCESS_BACKGROUND_LOCATION" />
17-->src\main\AndroidManifest.xml:10:5-85
17-->src\main\AndroidManifest.xml:10:22-82
18    <uses-permission android:name="android.permission.ACCESS_WIFI_STATE" />
18-->src\main\AndroidManifest.xml:11:5-76
18-->src\main\AndroidManifest.xml:11:22-73
19    <uses-permission android:name="android.permission.INTERNET" /> <!-- Include required permissions for Google Maps API to run. -->
19-->src\main\AndroidManifest.xml:4:5-67
19-->src\main\AndroidManifest.xml:4:22-64
20    <uses-permission android:name="android.permission.ACCESS_NETWORK_STATE" />
20-->[com.google.android.gms:play-services-maps:17.0.0] AndroidManifest.xml:23:5-79
20-->[com.google.android.gms:play-services-maps:17.0.0] AndroidManifest.xml:23:22-76
21
22    <uses-feature
22-->[com.google.android.gms:play-services-maps:17.0.0] AndroidManifest.xml:26:5-28:35
23        android:glEsVersion="0x00020000"
23-->[com.google.android.gms:play-services-maps:17.0.0] AndroidManifest.xml:27:9-41
24        android:required="true" />
24-->[com.google.android.gms:play-services-maps:17.0.0] AndroidManifest.xml:28:9-32
25
26    <uses-permission android:name="android.permission.WAKE_LOCK" />
26-->[com.google.android.gms:play-services-measurement-api:17.4.4] AndroidManifest.xml:24:5-68
26-->[com.google.android.gms:play-services-measurement-api:17.4.4] AndroidManifest.xml:24:22-65
27    <uses-permission android:name="com.google.android.finsky.permission.BIND_GET_INSTALL_REFERRER_SERVICE" />
27-->[com.google.android.gms:play-services-measurement:17.4.4] AndroidManifest.xml:26:5-110
27-->[com.google.android.gms:play-services-measurement:17.4.4] AndroidManifest.xml:26:22-107
28
29    <application
29-->src\main\AndroidManifest.xml:13:5-44:19
30        android:name="com.seva.MainApplication"
30-->src\main\AndroidManifest.xml:15:7-38
31        android:allowBackup="false"
31-->src\main\AndroidManifest.xml:19:7-34
32        android:appComponentFactory="androidx.core.app.CoreComponentFactory"
32-->[androidx.core:core:1.1.0] AndroidManifest.xml:24:18-86
33        android:debuggable="true"
34        android:icon="@mipmap/ic_launcher"
34-->src\main\AndroidManifest.xml:17:7-41
35        android:label="@string/app_name"
35-->src\main\AndroidManifest.xml:16:7-39
36        android:requestLegacyExternalStorage="true"
36-->src\main\AndroidManifest.xml:14:7-50
37        android:roundIcon="@mipmap/ic_launcher_round"
37-->src\main\AndroidManifest.xml:18:7-52
38        android:supportsRtl="true"
38-->[:react-native-google-places] AndroidManifest.xml:11:9-35
39        android:theme="@style/AppTheme"
39-->src\main\AndroidManifest.xml:20:7-38
40        android:usesCleartextTraffic="true" >
40-->src\debug\AndroidManifest.xml:14:62-97
41        <activity
41-->src\main\AndroidManifest.xml:21:7-31:18
42            android:name="com.seva.MainActivity"
42-->src\main\AndroidManifest.xml:22:9-37
43            android:configChanges="keyboard|keyboardHidden|orientation|screenSize|uiMode"
43-->src\main\AndroidManifest.xml:24:9-86
44            android:label="@string/app_name"
44-->src\main\AndroidManifest.xml:23:9-41
45            android:launchMode="singleTask"
45-->src\main\AndroidManifest.xml:25:9-40
46            android:windowSoftInputMode="adjustPan" >
46-->src\main\AndroidManifest.xml:26:9-48
47            <intent-filter>
47-->src\main\AndroidManifest.xml:27:9-30:25
48                <action android:name="android.intent.action.MAIN" />
48-->src\main\AndroidManifest.xml:28:13-65
48-->src\main\AndroidManifest.xml:28:21-62
49
50                <category android:name="android.intent.category.LAUNCHER" />
50-->src\main\AndroidManifest.xml:29:13-73
50-->src\main\AndroidManifest.xml:29:23-70
51            </intent-filter>
52        </activity>
53        <activity android:name="com.facebook.react.devsupport.DevSettingsActivity" />
53-->src\main\AndroidManifest.xml:32:7-84
53-->src\main\AndroidManifest.xml:32:17-81
54
55        <meta-data
55-->src\main\AndroidManifest.xml:34:7-36:66
56            android:name="com.google.android.geo.API_KEY"
56-->src\main\AndroidManifest.xml:35:9-54
57            android:value="AIzaSyB-jyDyaOhyFGiGM0RZOBOr8H5JHjOumjo" />
57-->src\main\AndroidManifest.xml:36:9-64
58        <meta-data
58-->src\main\AndroidManifest.xml:38:7-40:65
59            android:name="com.google.android.gms.version"
59-->src\main\AndroidManifest.xml:39:9-54
60            android:value="@integer/google_play_services_version" />
60-->src\main\AndroidManifest.xml:40:9-62
61
62        <uses-library
62-->src\main\AndroidManifest.xml:42:7-85
63            android:name="org.apache.http.legacy"
63-->src\main\AndroidManifest.xml:42:21-58
64            android:required="false" />
64-->src\main\AndroidManifest.xml:42:59-83
65
66        <provider
66-->[:react-native-image-picker] AndroidManifest.xml:10:9-18:20
67            android:name="com.imagepicker.FileProvider"
67-->[:react-native-image-picker] AndroidManifest.xml:11:13-56
68            android:authorities="com.seva.provider"
68-->[:react-native-image-picker] AndroidManifest.xml:12:13-60
69            android:exported="false"
69-->[:react-native-image-picker] AndroidManifest.xml:13:13-37
70            android:grantUriPermissions="true" >
70-->[:react-native-image-picker] AndroidManifest.xml:14:13-47
71            <meta-data
71-->[:react-native-image-picker] AndroidManifest.xml:15:13-17:58
72                android:name="android.support.FILE_PROVIDER_PATHS"
72-->[:react-native-image-picker] AndroidManifest.xml:16:17-67
73                android:resource="@xml/provider_paths" />
73-->[:react-native-image-picker] AndroidManifest.xml:17:17-55
74        </provider> <!-- Autocomplete -->
75        <activity
75-->[com.google.android.libraries.places:places:1.1.0] AndroidManifest.xml:16:9-23:20
76            android:name="com.google.android.libraries.places.widget.AutocompleteActivity"
76-->[com.google.android.libraries.places:places:1.1.0] AndroidManifest.xml:17:13-91
77            android:exported="false"
77-->[com.google.android.libraries.places:places:1.1.0] AndroidManifest.xml:18:13-37
78            android:hardwareAccelerated="true"
78-->[com.google.android.libraries.places:places:1.1.0] AndroidManifest.xml:19:13-47
79            android:label="@string/places_autocomplete_label"
79-->[com.google.android.libraries.places:places:1.1.0] AndroidManifest.xml:20:13-62
80            android:theme="@style/PlacesAutocompleteThemeOverlay"
80-->[com.google.android.libraries.places:places:1.1.0] AndroidManifest.xml:21:13-66
81            android:windowSoftInputMode="stateAlwaysVisible|adjustPan" >
81-->[com.google.android.libraries.places:places:1.1.0] AndroidManifest.xml:22:13-71
82        </activity>
83        <activity
83-->[com.google.android.gms:play-services-auth:16.0.1] AndroidManifest.xml:23:9-27:75
84            android:name="com.google.android.gms.auth.api.signin.internal.SignInHubActivity"
84-->[com.google.android.gms:play-services-auth:16.0.1] AndroidManifest.xml:24:13-93
85            android:excludeFromRecents="true"
85-->[com.google.android.gms:play-services-auth:16.0.1] AndroidManifest.xml:25:13-46
86            android:exported="false"
86-->[com.google.android.gms:play-services-auth:16.0.1] AndroidManifest.xml:26:13-37
87            android:theme="@android:style/Theme.Translucent.NoTitleBar" />
87-->[com.google.android.gms:play-services-auth:16.0.1] AndroidManifest.xml:27:13-72
88        <!--
89            Service handling Google Sign-In user revocation. For apps that do not integrate with
90            Google Sign-In, this service will never be started.
91        -->
92        <service
92-->[com.google.android.gms:play-services-auth:16.0.1] AndroidManifest.xml:33:9-36:110
93            android:name="com.google.android.gms.auth.api.signin.RevocationBoundService"
93-->[com.google.android.gms:play-services-auth:16.0.1] AndroidManifest.xml:34:13-89
94            android:exported="true"
94-->[com.google.android.gms:play-services-auth:16.0.1] AndroidManifest.xml:35:13-36
95            android:permission="com.google.android.gms.auth.api.signin.permission.REVOCATION_NOTIFICATION" />
95-->[com.google.android.gms:play-services-auth:16.0.1] AndroidManifest.xml:36:13-107
96
97        <activity
97-->[com.google.android.gms:play-services-base:17.0.0] AndroidManifest.xml:23:9-26:75
98            android:name="com.google.android.gms.common.api.GoogleApiActivity"
98-->[com.google.android.gms:play-services-base:17.0.0] AndroidManifest.xml:24:13-79
99            android:exported="false"
99-->[com.google.android.gms:play-services-base:17.0.0] AndroidManifest.xml:25:13-37
100            android:theme="@android:style/Theme.Translucent.NoTitleBar" />
100-->[com.google.android.gms:play-services-base:17.0.0] AndroidManifest.xml:26:13-72
101
102        <service
102-->[com.google.android.gms:play-services-measurement-api:17.4.4] AndroidManifest.xml:27:9-33:19
103            android:name="com.google.firebase.components.ComponentDiscoveryService"
103-->[com.google.android.gms:play-services-measurement-api:17.4.4] AndroidManifest.xml:28:13-84
104            android:directBootAware="true"
104-->[com.google.firebase:firebase-common:19.3.0] AndroidManifest.xml:34:13-43
105            android:exported="false" >
105-->[com.google.android.gms:play-services-measurement-api:17.4.4] AndroidManifest.xml:29:13-37
106            <meta-data
106-->[com.google.android.gms:play-services-measurement-api:17.4.4] AndroidManifest.xml:30:13-32:85
107                android:name="com.google.firebase.components:com.google.firebase.analytics.connector.internal.AnalyticsConnectorRegistrar"
107-->[com.google.android.gms:play-services-measurement-api:17.4.4] AndroidManifest.xml:31:17-139
108                android:value="com.google.firebase.components.ComponentRegistrar" />
108-->[com.google.android.gms:play-services-measurement-api:17.4.4] AndroidManifest.xml:32:17-82
109            <meta-data
109-->[com.google.firebase:firebase-installations:16.3.2] AndroidManifest.xml:17:13-19:85
110                android:name="com.google.firebase.components:com.google.firebase.installations.FirebaseInstallationsRegistrar"
110-->[com.google.firebase:firebase-installations:16.3.2] AndroidManifest.xml:18:17-127
111                android:value="com.google.firebase.components.ComponentRegistrar" />
111-->[com.google.firebase:firebase-installations:16.3.2] AndroidManifest.xml:19:17-82
112        </service>
113
114        <provider
114-->[com.google.firebase:firebase-common:19.3.0] AndroidManifest.xml:26:9-30:39
115            android:name="com.google.firebase.provider.FirebaseInitProvider"
115-->[com.google.firebase:firebase-common:19.3.0] AndroidManifest.xml:27:13-77
116            android:authorities="com.seva.firebaseinitprovider"
116-->[com.google.firebase:firebase-common:19.3.0] AndroidManifest.xml:28:13-72
117            android:exported="false"
117-->[com.google.firebase:firebase-common:19.3.0] AndroidManifest.xml:29:13-37
118            android:initOrder="100" />
118-->[com.google.firebase:firebase-common:19.3.0] AndroidManifest.xml:30:13-36
119
120        <receiver
120-->[com.google.android.gms:play-services-measurement:17.4.4] AndroidManifest.xml:29:9-33:20
121            android:name="com.google.android.gms.measurement.AppMeasurementReceiver"
121-->[com.google.android.gms:play-services-measurement:17.4.4] AndroidManifest.xml:30:13-85
122            android:enabled="true"
122-->[com.google.android.gms:play-services-measurement:17.4.4] AndroidManifest.xml:31:13-35
123            android:exported="false" >
123-->[com.google.android.gms:play-services-measurement:17.4.4] AndroidManifest.xml:32:13-37
124        </receiver>
125
126        <service
126-->[com.google.android.gms:play-services-measurement:17.4.4] AndroidManifest.xml:35:9-38:40
127            android:name="com.google.android.gms.measurement.AppMeasurementService"
127-->[com.google.android.gms:play-services-measurement:17.4.4] AndroidManifest.xml:36:13-84
128            android:enabled="true"
128-->[com.google.android.gms:play-services-measurement:17.4.4] AndroidManifest.xml:37:13-35
129            android:exported="false" />
129-->[com.google.android.gms:play-services-measurement:17.4.4] AndroidManifest.xml:38:13-37
130        <service
130-->[com.google.android.gms:play-services-measurement:17.4.4] AndroidManifest.xml:39:9-43:72
131            android:name="com.google.android.gms.measurement.AppMeasurementJobService"
131-->[com.google.android.gms:play-services-measurement:17.4.4] AndroidManifest.xml:40:13-87
132            android:enabled="true"
132-->[com.google.android.gms:play-services-measurement:17.4.4] AndroidManifest.xml:41:13-35
133            android:exported="false"
133-->[com.google.android.gms:play-services-measurement:17.4.4] AndroidManifest.xml:42:13-37
134            android:permission="android.permission.BIND_JOB_SERVICE" />
134-->[com.google.android.gms:play-services-measurement:17.4.4] AndroidManifest.xml:43:13-69
135    </application>
136
137</manifest>